c:\users\pc\onedrive - fast national university\desktop\2nd semester\dinoalert\dinoalert\x64\debug\vc143.pdb
c:\users\pc\onedrive - fast national university\desktop\2nd semester\dinoalert\dinoalert\x64\debug\vc143.idb
c:\users\pc\onedrive - fast national university\desktop\2nd semester\dinoalert\dinoalert\x64\debug\ui.obj
c:\users\pc\onedrive - fast national university\desktop\2nd semester\dinoalert\dinoalert\x64\debug\turretgraphics.obj
c:\users\pc\onedrive - fast national university\desktop\2nd semester\dinoalert\dinoalert\x64\debug\steer.obj
c:\users\pc\onedrive - fast national university\desktop\2nd semester\dinoalert\dinoalert\x64\debug\shooting.obj
c:\users\pc\onedrive - fast national university\desktop\2nd semester\dinoalert\dinoalert\x64\debug\populatingenemy.obj
c:\users\pc\onedrive - fast national university\desktop\2nd semester\dinoalert\dinoalert\x64\debug\newcoolshootingmech.obj
c:\users\pc\onedrive - fast national university\desktop\2nd semester\dinoalert\dinoalert\x64\debug\graphics.obj
c:\users\pc\onedrive - fast national university\desktop\2nd semester\dinoalert\dinoalert\x64\debug\enemysprite_and_turretmov.obj
c:\users\pc\onedrive - fast national university\desktop\2nd semester\dinoalert\dinoalert\x64\debug\enemygraphics.obj
c:\users\pc\onedrive - fast national university\desktop\2nd semester\dinoalert\dinoalert\x64\debug\dinoalert.obj
c:\users\pc\onedrive - fast national university\desktop\2nd semester\dinoalert\dinoalert\x64\debug\collision detection.obj
c:\users\pc\onedrive - fast national university\desktop\2nd semester\dinoalert\dinoalert\x64\debug\cameramovement.obj
c:\users\pc\onedrive - fast national university\desktop\2nd semester\dinoalert\dinoalert\x64\debug\dinoalert.ilk
c:\users\pc\onedrive - fast national university\desktop\2nd semester\dinoalert\x64\debug\dinoalert.pdb
c:\users\pc\onedrive - fast national university\desktop\2nd semester\dinoalert\x64\debug\dinoalert.exe
c:\users\pc\onedrive - fast national university\desktop\2nd semester\dinoalert\dinoalert\x64\debug\dinoalert.tlog\cl.command.1.tlog
c:\users\pc\onedrive - fast national university\desktop\2nd semester\dinoalert\dinoalert\x64\debug\dinoalert.tlog\cl.read.1.tlog
c:\users\pc\onedrive - fast national university\desktop\2nd semester\dinoalert\dinoalert\x64\debug\dinoalert.tlog\cl.write.1.tlog
c:\users\pc\onedrive - fast national university\desktop\2nd semester\dinoalert\dinoalert\x64\debug\dinoalert.tlog\link.command.1.tlog
c:\users\pc\onedrive - fast national university\desktop\2nd semester\dinoalert\dinoalert\x64\debug\dinoalert.tlog\link.read.1.tlog
